[ 2016-05-19T11:47:31+08:00 ] 127.0.0.1 /index.php?g=Admin&m=public&a=dologin
INFO: [ app_begin ] --START--
INFO: Run Behavior\ReadHtmlCacheBehavior [ RunTime:0.000000s ]
INFO: Run Behavior\CheckLangBehavior [ RunTime:0.001000s ]
INFO: [ app_begin ] --END-- [ RunTime:0.003000s ]
SQL: SHOW COLUMNS FROM `cmf_users` [ RunTime:0.0060s ]
SQL: SELECT * FROM `cmf_users` WHERE `user_login` = 'admin' LIMIT 1   [ RunTime:0.0010s ]
SQL: SHOW COLUMNS FROM `cmf_role_user` [ RunTime:0.0060s ]
SQL: SELECT `role_id` FROM cmf_role_user a INNER JOIN cmf_role as b on a.role_id =b.id  WHERE `user_id` = '1' AND `status` = 1  [ RunTime:0.0020s ]
SQL: UPDATE `cmf_users` SET `user_login`='admin',`user_pass`='###8eb729f04d0c65a105075b0cdb436e1e',`user_nicename`='admin',`user_email`='123@qq.com',`user_url`='',`avatar`=NULL,`sex`='0',`birthday`=NULL,`signature`=NULL,`last_login_ip`='127.0.0.1',`last_login_time`='2016-05-19 11:47:31',`create_time`='2016-04-12 03:19:59',`user_activation_key`='',`user_status`='1',`score`='0',`user_type`='1',`coin`='0',`mobile`='' WHERE `id` = '1' [ RunTime:0.0000s ]

[ 2016-05-19T14:09:53+08:00 ] 127.0.0.1 /index.php?g=Admin&m=Menu&a=index&menuid=100
NOTIC: D方法实例化没找到模型类Common\Model\AuthRuleModel

[ 2016-05-19T14:10:00+08:00 ] 127.0.0.1 /index.php?g=Admin&m=Menu&a=index&menuid=100
NOTIC: D方法实例化没找到模型类Common\Model\AuthRuleModel

[ 2016-05-19T14:11:06+08:00 ] 127.0.0.1 /index.php?g=Admin&m=menu&a=add
NOTIC: D方法实例化没找到模型类Common\Model\AuthRuleModel

[ 2016-05-19T14:11:13+08:00 ] 127.0.0.1 /index.php?g=Admin&m=menu&a=index
NOTIC: D方法实例化没找到模型类Common\Model\AuthRuleModel

[ 2016-05-19T14:11:16+08:00 ] 127.0.0.1 /index.php?g=Admin&m=menu&a=spmy_import_menu
NOTIC: D方法实例化没找到模型类Common\Model\AuthRuleModel

[ 2016-05-19T14:11:18+08:00 ] 127.0.0.1 /index.php?g=Admin&m=menu&a=index
NOTIC: D方法实例化没找到模型类Common\Model\AuthRuleModel

[ 2016-05-19T14:11:22+08:00 ] 127.0.0.1 /index.php?g=Admin&m=menu&a=spmy_import_menu
NOTIC: D方法实例化没找到模型类Common\Model\AuthRuleModel

[ 2016-05-19T14:11:25+08:00 ] 127.0.0.1 /index.php?g=Admin&m=menu&a=index
NOTIC: D方法实例化没找到模型类Common\Model\AuthRuleModel

[ 2016-05-19T14:11:28+08:00 ] 127.0.0.1 /index.php?g=Admin&m=menu&a=lists
NOTIC: D方法实例化没找到模型类Common\Model\AuthRuleModel

[ 2016-05-19T14:15:20+08:00 ] 127.0.0.1 /index.php?g=Admin&m=User&a=add_post
INFO: [ app_begin ] --START--
INFO: Run Behavior\ReadHtmlCacheBehavior [ RunTime:0.000000s ]
INFO: Run Behavior\CheckLangBehavior [ RunTime:0.002000s ]
INFO: [ app_begin ] --END-- [ RunTime:0.003000s ]
SQL: SHOW COLUMNS FROM `cmf_users` [ RunTime:0.0040s ]
SQL: SELECT * FROM `cmf_users` WHERE ( id=1 ) LIMIT 1   [ RunTime:0.0000s ]
SQL: SHOW COLUMNS FROM `cmf_users` [ RunTime:0.0040s ]
SQL: SHOW COLUMNS FROM `cmf_role` [ RunTime:0.0040s ]
NOTIC: [8] Undefined index: validate D:\phpStudy\WWW\7000ThinkCMFX2.1.0_20160203\simplewind\Core\Library\Think\Model.class.php 第 1185 行.
SQL: SELECT * FROM `cmf_users` WHERE `user_login` = 'xuqiu' LIMIT 1   [ RunTime:0.0010s ]
SQL: SELECT * FROM `cmf_users` WHERE `user_email` = '' LIMIT 1   [ RunTime:0.0000s ]

[ 2016-05-19T14:15:31+08:00 ] 127.0.0.1 /index.php?g=Admin&m=User&a=add_post
INFO: [ app_begin ] --START--
INFO: Run Behavior\ReadHtmlCacheBehavior [ RunTime:0.000000s ]
INFO: Run Behavior\CheckLangBehavior [ RunTime:0.002001s ]
INFO: [ app_begin ] --END-- [ RunTime:0.004001s ]
SQL: SHOW COLUMNS FROM `cmf_users` [ RunTime:0.0050s ]
SQL: SELECT * FROM `cmf_users` WHERE ( id=1 ) LIMIT 1   [ RunTime:0.0010s ]
SQL: SHOW COLUMNS FROM `cmf_users` [ RunTime:0.0050s ]
SQL: SHOW COLUMNS FROM `cmf_role` [ RunTime:0.0040s ]
NOTIC: [8] Undefined index: validate D:\phpStudy\WWW\7000ThinkCMFX2.1.0_20160203\simplewind\Core\Library\Think\Model.class.php 第 1185 行.
SQL: SELECT * FROM `cmf_users` WHERE `user_login` = 'xuqiu' LIMIT 1   [ RunTime:0.0000s ]
SQL: SELECT * FROM `cmf_users` WHERE `user_email` = '1@qq.com' LIMIT 1   [ RunTime:0.0010s ]
NOTIC: [8] Undefined index: auto D:\phpStudy\WWW\7000ThinkCMFX2.1.0_20160203\simplewind\Core\Library\Think\Model.class.php 第 1128 行.
SQL: INSERT INTO `cmf_users` (`user_login`,`user_pass`,`user_email`,`create_time`) VALUES ('xuqiu','###8eb729f04d0c65a105075b0cdb436e1e','1@qq.com','2016-05-19 14:15:31') [ RunTime:0.0000s ]
SQL: SHOW COLUMNS FROM `cmf_role_user` [ RunTime:0.0050s ]
SQL: INSERT INTO `cmf_role_user` (`role_id`,`user_id`) VALUES ('3','3') [ RunTime:0.0000s ]

[ 2016-05-19T14:27:48+08:00 ] 127.0.0.1 /index.php?g=Admin&m=Rbac&a=authorize&id=3
NOTIC: D方法实例化没找到模型类Common\Model\AuthAccessModel

[ 2016-05-19T14:27:54+08:00 ] 127.0.0.1 /index.php?g=Admin&m=rbac&a=authorize_post
INFO: [ app_begin ] --START--
INFO: Run Behavior\ReadHtmlCacheBehavior [ RunTime:0.000000s ]
INFO: Run Behavior\CheckLangBehavior [ RunTime:0.002000s ]
INFO: [ app_begin ] --END-- [ RunTime:0.003000s ]
SQL: SHOW COLUMNS FROM `cmf_users` [ RunTime:0.0050s ]
SQL: SELECT * FROM `cmf_users` WHERE ( id=1 ) LIMIT 1   [ RunTime:0.0010s ]
SQL: SHOW COLUMNS FROM `cmf_role` [ RunTime:0.0050s ]
NOTIC: D方法实例化没找到模型类Common\Model\AuthAccessModel
SQL: SHOW COLUMNS FROM `cmf_auth_access` [ RunTime:0.0040s ]
SQL: SHOW COLUMNS FROM `cmf_menu` [ RunTime:0.0050s ]
SQL: SHOW COLUMNS FROM `cmf_auth_rule` [ RunTime:0.0050s ]
SQL: DELETE FROM `cmf_auth_access` WHERE `role_id` = 3 AND `type` = 'admin_url' [ RunTime:0.0010s ]
SQL: SELECT `app`,`model`,`action` FROM `cmf_menu` WHERE `id` = 1 LIMIT 1   [ RunTime:0.0000s ]
SQL: INSERT INTO `cmf_auth_access` (`role_id`,`rule_name`,`type`) VALUES ('3','admin/content/default','admin_url') [ RunTime:0.0010s ]
SQL: SELECT `app`,`model`,`action` FROM `cmf_menu` WHERE `id` = 2 LIMIT 1   [ RunTime:0.0000s ]
SQL: INSERT INTO `cmf_auth_access` (`role_id`,`rule_name`,`type`) VALUES ('3','api/guestbookadmin/index','admin_url') [ RunTime:0.0000s ]
SQL: SELECT `app`,`model`,`action` FROM `cmf_menu` WHERE `id` = 3 LIMIT 1   [ RunTime:0.0000s ]
SQL: INSERT INTO `cmf_auth_access` (`role_id`,`rule_name`,`type`) VALUES ('3','api/guestbookadmin/delete','admin_url') [ RunTime:0.0010s ]
SQL: SELECT `app`,`model`,`action` FROM `cmf_menu` WHERE `id` = 4 LIMIT 1   [ RunTime:0.0000s ]
SQL: INSERT INTO `cmf_auth_access` (`role_id`,`rule_name`,`type`) VALUES ('3','comment/commentadmin/index','admin_url') [ RunTime:0.0000s ]
SQL: SELECT `app`,`model`,`action` FROM `cmf_menu` WHERE `id` = 5 LIMIT 1   [ RunTime:0.0010s ]
SQL: INSERT INTO `cmf_auth_access` (`role_id`,`rule_name`,`type`) VALUES ('3','comment/commentadmin/delete','admin_url') [ RunTime:0.0000s ]
SQL: SELECT `app`,`model`,`action` FROM `cmf_menu` WHERE `id` = 6 LIMIT 1   [ RunTime:0.0000s ]
SQL: INSERT INTO `cmf_auth_access` (`role_id`,`rule_name`,`type`) VALUES ('3','comment/commentadmin/check','admin_url') [ RunTime:0.0000s ]
SQL: SELECT `app`,`model`,`action` FROM `cmf_menu` WHERE `id` = 7 LIMIT 1   [ RunTime:0.0000s ]
SQL: INSERT INTO `cmf_auth_access` (`role_id`,`rule_name`,`type`) VALUES ('3','portal/adminpost/index','admin_url') [ RunTime:0.0000s ]
SQL: SELECT `app`,`model`,`action` FROM `cmf_menu` WHERE `id` = 8 LIMIT 1   [ RunTime:0.0000s ]
SQL: INSERT INTO `cmf_auth_access` (`role_id`,`rule_name`,`type`) VALUES ('3','portal/adminpost/listorders','admin_url') [ RunTime:0.0000s ]
SQL: SELECT `app`,`model`,`action` FROM `cmf_menu` WHERE `id` = 9 LIMIT 1   [ RunTime:0.0010s ]
SQL: INSERT INTO `cmf_auth_access` (`role_id`,`rule_name`,`type`) VALUES ('3','portal/adminpost/top','admin_url') [ RunTime:0.0000s ]
SQL: SELECT `app`,`model`,`action` FROM `cmf_menu` WHERE `id` = 10 LIMIT 1   [ RunTime:0.0000s ]
SQL: INSERT INTO `cmf_auth_access` (`role_id`,`rule_name`,`type`) VALUES ('3','portal/adminpost/recommend','admin_url') [ RunTime:0.0010s ]
SQL: SELECT `app`,`model`,`action` FROM `cmf_menu` WHERE `id` = 11 LIMIT 1   [ RunTime:0.0000s ]
SQL: INSERT INTO `cmf_auth_access` (`role_id`,`rule_name`,`type`) VALUES ('3','portal/adminpost/move','admin_url') [ RunTime:0.0000s ]
SQL: SELECT `app`,`model`,`action` FROM `cmf_menu` WHERE `id` = 12 LIMIT 1   [ RunTime:0.0000s ]
SQL: INSERT INTO `cmf_auth_access` (`role_id`,`rule_name`,`type`) VALUES ('3','portal/adminpost/check','admin_url') [ RunTime:0.0000s ]
SQL: SELECT `app`,`model`,`action` FROM `cmf_menu` WHERE `id` = 13 LIMIT 1   [ RunTime:0.0000s ]
SQL: INSERT INTO `cmf_auth_access` (`role_id`,`rule_name`,`type`) VALUES ('3','portal/adminpost/delete','admin_url') [ RunTime:0.0000s ]
SQL: SELECT `app`,`model`,`action` FROM `cmf_menu` WHERE `id` = 14 LIMIT 1   [ RunTime:0.0000s ]
SQL: INSERT INTO `cmf_auth_access` (`role_id`,`rule_name`,`type`) VALUES ('3','portal/adminpost/edit','admin_url') [ RunTime:0.0000s ]
SQL: SELECT `app`,`model`,`action` FROM `cmf_menu` WHERE `id` = 15 LIMIT 1   [ RunTime:0.0000s ]
SQL: INSERT INTO `cmf_auth_access` (`role_id`,`rule_name`,`type`) VALUES ('3','portal/adminpost/edit_post','admin_url') [ RunTime:0.0000s ]
SQL: SELECT `app`,`model`,`action` FROM `cmf_menu` WHERE `id` = 16 LIMIT 1   [ RunTime:0.0000s ]
SQL: INSERT INTO `cmf_auth_access` (`role_id`,`rule_name`,`type`) VALUES ('3','portal/adminpost/add','admin_url') [ RunTime:0.0000s ]
SQL: SELECT `app`,`model`,`action` FROM `cmf_menu` WHERE `id` = 17 LIMIT 1   [ RunTime:0.0010s ]
SQL: INSERT INTO `cmf_auth_access` (`role_id`,`rule_name`,`type`) VALUES ('3','portal/adminpost/add_post','admin_url') [ RunTime:0.0000s ]
SQL: SELECT `app`,`model`,`action` FROM `cmf_menu` WHERE `id` = 18 LIMIT 1   [ RunTime:0.0000s ]
SQL: INSERT INTO `cmf_auth_access` (`role_id`,`rule_name`,`type`) VALUES ('3','portal/adminterm/index','admin_url') [ RunTime:0.0000s ]
SQL: SELECT `app`,`model`,`action` FROM `cmf_menu` WHERE `id` = 19 LIMIT 1   [ RunTime:0.0000s ]
SQL: INSERT INTO `cmf_auth_access` (`role_id`,`rule_name`,`type`) VALUES ('3','portal/adminterm/listorders','admin_url') [ RunTime:0.0000s ]
SQL: SELECT `app`,`model`,`action` FROM `cmf_menu` WHERE `id` = 20 LIMIT 1   [ RunTime:0.0000s ]
SQL: INSERT INTO `cmf_auth_access` (`role_id`,`rule_name`,`type`) VALUES ('3','portal/adminterm/delete','admin_url') [ RunTime:0.0000s ]
SQL: SELECT `app`,`model`,`action` FROM `cmf_menu` WHERE `id` = 21 LIMIT 1   [ RunTime:0.0000s ]
SQL: INSERT INTO `cmf_auth_access` (`role_id`,`rule_name`,`type`) VALUES ('3','portal/adminterm/edit','admin_url') [ RunTime:0.0000s ]
SQL: SELECT `app`,`model`,`action` FROM `cmf_menu` WHERE `id` = 22 LIMIT 1   [ RunTime:0.0000s ]
SQL: INSERT INTO `cmf_auth_access` (`role_id`,`rule_name`,`type`) VALUES ('3','portal/adminterm/edit_post','admin_url') [ RunTime:0.0000s ]
SQL: SELECT `app`,`model`,`action` FROM `cmf_menu` WHERE `id` = 23 LIMIT 1   [ RunTime:0.0000s ]
SQL: INSERT INTO `cmf_auth_access` (`role_id`,`rule_name`,`type`) VALUES ('3','portal/adminterm/add','admin_url') [ RunTime:0.0000s ]
SQL: SELECT `app`,`model`,`action` FROM `cmf_menu` WHERE `id` = 24 LIMIT 1   [ RunTime:0.0000s ]
SQL: INSERT INTO `cmf_auth_access` (`role_id`,`rule_name`,`type`) VALUES ('3','portal/adminterm/add_post','admin_url') [ RunTime:0.0000s ]
SQL: SELECT `app`,`model`,`action` FROM `cmf_menu` WHERE `id` = 25 LIMIT 1   [ RunTime:0.0010s ]
SQL: INSERT INTO `cmf_auth_access` (`role_id`,`rule_name`,`type`) VALUES ('3','portal/adminpage/index','admin_url') [ RunTime:0.0000s ]
SQL: SELECT `app`,`model`,`action` FROM `cmf_menu` WHERE `id` = 26 LIMIT 1   [ RunTime:0.0000s ]
SQL: INSERT INTO `cmf_auth_access` (`role_id`,`rule_name`,`type`) VALUES ('3','portal/adminpage/listorders','admin_url') [ RunTime:0.0000s ]
SQL: SELECT `app`,`model`,`action` FROM `cmf_menu` WHERE `id` = 27 LIMIT 1   [ RunTime:0.0000s ]
SQL: INSERT INTO `cmf_auth_access` (`role_id`,`rule_name`,`type`) VALUES ('3','portal/adminpage/delete','admin_url') [ RunTime:0.0000s ]
SQL: SELECT `app`,`model`,`action` FROM `cmf_menu` WHERE `id` = 28 LIMIT 1   [ RunTime:0.0000s ]
SQL: INSERT INTO `cmf_auth_access` (`role_id`,`rule_name`,`type`) VALUES ('3','portal/adminpage/edit','admin_url') [ RunTime:0.0010s ]
SQL: SELECT `app`,`model`,`action` FROM `cmf_menu` WHERE `id` = 29 LIMIT 1   [ RunTime:0.0000s ]
SQL: INSERT INTO `cmf_auth_access` (`role_id`,`rule_name`,`type`) VALUES ('3','portal/adminpage/edit_post','admin_url') [ RunTime:0.0000s ]
SQL: SELECT `app`,`model`,`action` FROM `cmf_menu` WHERE `id` = 30 LIMIT 1   [ RunTime:0.0000s ]
SQL: INSERT INTO `cmf_auth_access` (`role_id`,`rule_name`,`type`) VALUES ('3','portal/adminpage/add','admin_url') [ RunTime:0.0000s ]
SQL: SELECT `app`,`model`,`action` FROM `cmf_menu` WHERE `id` = 31 LIMIT 1   [ RunTime:0.0010s ]
SQL: INSERT INTO `cmf_auth_access` (`role_id`,`rule_name`,`type`) VALUES ('3','portal/adminpage/add_post','admin_url') [ RunTime:0.0000s ]
SQL: SELECT `app`,`model`,`action` FROM `cmf_menu` WHERE `id` = 32 LIMIT 1   [ RunTime:0.0000s ]
SQL: INSERT INTO `cmf_auth_access` (`role_id`,`rule_name`,`type`) VALUES ('3','admin/recycle/default','admin_url') [ RunTime:0.0000s ]
SQL: SELECT `app`,`model`,`action` FROM `cmf_menu` WHERE `id` = 33 LIMIT 1   [ RunTime:0.0000s ]
SQL: INSERT INTO `cmf_auth_access` (`role_id`,`rule_name`,`type`) VALUES ('3','portal/adminpost/recyclebin','admin_url') [ RunTime:0.0010s ]
SQL: SELECT `app`,`model`,`action` FROM `cmf_menu` WHERE `id` = 34 LIMIT 1   [ RunTime:0.0000s ]
SQL: INSERT INTO `cmf_auth_access` (`role_id`,`rule_name`,`type`) VALUES ('3','portal/adminpost/restore','admin_url') [ RunTime:0.0000s ]
SQL: SELECT `app`,`model`,`action` FROM `cmf_menu` WHERE `id` = 35 LIMIT 1   [ RunTime:0.0000s ]
SQL: INSERT INTO `cmf_auth_access` (`role_id`,`rule_name`,`type`) VALUES ('3','portal/adminpost/clean','admin_url') [ RunTime:0.0000s ]
SQL: SELECT `app`,`model`,`action` FROM `cmf_menu` WHERE `id` = 36 LIMIT 1   [ RunTime:0.0010s ]
SQL: INSERT INTO `cmf_auth_access` (`role_id`,`rule_name`,`type`) VALUES ('3','portal/adminpage/recyclebin','admin_url') [ RunTime:0.0000s ]
SQL: SELECT `app`,`model`,`action` FROM `cmf_menu` WHERE `id` = 37 LIMIT 1   [ RunTime:0.0000s ]
SQL: INSERT INTO `cmf_auth_access` (`role_id`,`rule_name`,`type`) VALUES ('3','portal/adminpage/clean','admin_url') [ RunTime:0.0000s ]
SQL: SELECT `app`,`model`,`action` FROM `cmf_menu` WHERE `id` = 38 LIMIT 1   [ RunTime:0.0000s ]
SQL: INSERT INTO `cmf_auth_access` (`role_id`,`rule_name`,`type`) VALUES ('3','portal/adminpage/restore','admin_url') [ RunTime:0.0000s ]

[ 2016-05-19T14:28:09+08:00 ] 127.0.0.1 /index.php?g=Admin&m=Rbac&a=authorize&id=3
NOTIC: D方法实例化没找到模型类Common\Model\AuthAccessModel

[ 2016-05-19T14:28:16+08:00 ] 127.0.0.1 /index.php?g=Admin&m=rbac&a=authorize_post
INFO: [ app_begin ] --START--
INFO: Run Behavior\ReadHtmlCacheBehavior [ RunTime:0.001000s ]
INFO: Run Behavior\CheckLangBehavior [ RunTime:0.001000s ]
INFO: [ app_begin ] --END-- [ RunTime:0.003000s ]
SQL: SHOW COLUMNS FROM `cmf_users` [ RunTime:0.0040s ]
SQL: SELECT * FROM `cmf_users` WHERE ( id=1 ) LIMIT 1   [ RunTime:0.0000s ]
SQL: SHOW COLUMNS FROM `cmf_role` [ RunTime:0.0040s ]
NOTIC: D方法实例化没找到模型类Common\Model\AuthAccessModel
SQL: SHOW COLUMNS FROM `cmf_auth_access` [ RunTime:0.0040s ]
SQL: SHOW COLUMNS FROM `cmf_menu` [ RunTime:0.0040s ]
SQL: SHOW COLUMNS FROM `cmf_auth_rule` [ RunTime:0.0060s ]
SQL: DELETE FROM `cmf_auth_access` WHERE `role_id` = 3 AND `type` = 'admin_url' [ RunTime:0.0010s ]
SQL: SELECT `app`,`model`,`action` FROM `cmf_menu` WHERE `id` = 1 LIMIT 1   [ RunTime:0.0000s ]
SQL: INSERT INTO `cmf_auth_access` (`role_id`,`rule_name`,`type`) VALUES ('3','admin/content/default','admin_url') [ RunTime:0.0000s ]
SQL: SELECT `app`,`model`,`action` FROM `cmf_menu` WHERE `id` = 2 LIMIT 1   [ RunTime:0.0010s ]
SQL: INSERT INTO `cmf_auth_access` (`role_id`,`rule_name`,`type`) VALUES ('3','api/guestbookadmin/index','admin_url') [ RunTime:0.0000s ]
SQL: SELECT `app`,`model`,`action` FROM `cmf_menu` WHERE `id` = 3 LIMIT 1   [ RunTime:0.0000s ]
SQL: INSERT INTO `cmf_auth_access` (`role_id`,`rule_name`,`type`) VALUES ('3','api/guestbookadmin/delete','admin_url') [ RunTime:0.0010s ]

[ 2016-05-19T14:45:17+08:00 ] 127.0.0.1 /index.php?g=Admin&m=public&a=dologin
INFO: [ app_begin ] --START--
INFO: Run Behavior\ReadHtmlCacheBehavior [ RunTime:0.001000s ]
INFO: Run Behavior\CheckLangBehavior [ RunTime:0.002000s ]
INFO: [ app_begin ] --END-- [ RunTime:0.003000s ]
SQL: SHOW COLUMNS FROM `cmf_users` [ RunTime:0.0060s ]
SQL: SELECT * FROM `cmf_users` WHERE `user_login` = 'admin' LIMIT 1   [ RunTime:0.0010s ]
SQL: SHOW COLUMNS FROM `cmf_role_user` [ RunTime:0.0060s ]
SQL: SELECT `role_id` FROM cmf_role_user a INNER JOIN cmf_role as b on a.role_id =b.id  WHERE `user_id` = '1' AND `status` = 1  [ RunTime:0.0010s ]
SQL: UPDATE `cmf_users` SET `user_login`='admin',`user_pass`='###8eb729f04d0c65a105075b0cdb436e1e',`user_nicename`='admin',`user_email`='123@qq.com',`user_url`='',`avatar`=NULL,`sex`='0',`birthday`=NULL,`signature`=NULL,`last_login_ip`='127.0.0.1',`last_login_time`='2016-05-19 14:45:17',`create_time`='2016-04-12 03:19:59',`user_activation_key`='',`user_status`='1',`score`='0',`user_type`='1',`coin`='0',`mobile`='' WHERE `id` = '1' [ RunTime:0.0000s ]

[ 2016-05-19T15:23:59+08:00 ] 127.0.0.1 /index.php?g=Admin&m=plugin&a=install&name=Demo
INFO: [ app_begin ] --START--
INFO: Run Behavior\ReadHtmlCacheBehavior [ RunTime:0.001001s ]
INFO: Run Behavior\CheckLangBehavior [ RunTime:0.002000s ]
INFO: [ app_begin ] --END-- [ RunTime:0.004001s ]
SQL: SHOW COLUMNS FROM `cmf_users` [ RunTime:0.0050s ]
SQL: SELECT * FROM `cmf_users` WHERE ( id=1 ) LIMIT 1   [ RunTime:0.0000s ]
SQL: SHOW COLUMNS FROM `cmf_plugins` [ RunTime:0.0050s ]
SQL: SHOW COLUMNS FROM `cmf_plugins` [ RunTime:0.0040s ]
SQL: SELECT `config` FROM `cmf_plugins` WHERE `name` = 'Demo' LIMIT 1   [ RunTime:0.0000s ]
NOTIC: [8] Undefined index: theme D:\phpStudy\WWW\7000ThinkCMFX2.1.0_20160203\application\Common\Lib\Plugin.class.php 第 67 行.
NOTIC: [8] Undefined index: validate D:\phpStudy\WWW\7000ThinkCMFX2.1.0_20160203\simplewind\Core\Library\Think\Model.class.php 第 1185 行.
NOTIC: [8] Undefined index: auto D:\phpStudy\WWW\7000ThinkCMFX2.1.0_20160203\simplewind\Core\Library\Think\Model.class.php 第 1128 行.
SQL: INSERT INTO `cmf_plugins` (`name`,`title`,`description`,`status`,`author`,`version`,`hooks`,`has_admin`,`config`) VALUES ('Demo','插件演示','插件演示','1','ThinkCMF','1.0','footer','1','{\"text\":\"hello,ThinkCMF!\",\"password\":\"\",\"select\":\"1\",\"checkbox\":1,\"radio\":\"1\",\"textarea\":\"\\u8fd9\\u91cc\\u662f\\u4f60\\u8981\\u586b\\u5199\\u7684\\u5185\\u5bb9\"}') [ RunTime:0.0010s ]

[ 2016-05-19T15:53:55+08:00 ] 127.0.0.1 /index.php?g=Admin&m=route&a=index
NOTIC: D方法实例化没找到模型类Common\Model\RouteModel

[ 2016-05-19T15:55:24+08:00 ] 127.0.0.1 /index.php?g=Admin&m=route&a=add
NOTIC: D方法实例化没找到模型类Common\Model\RouteModel

